<?xml version="1.0" encoding="UTF-8"?>
<!-- Generated by org.testng.reporters.JUnitReportReporter -->
<testsuite skipped="0" hostname="Vickys-Air.lan" name="com.parameters.ParametersLogin" tests="1" failures="0" timestamp="28 Mar 2018 21:30:01 GMT" time="10.888" errors="0">
  <testcase name="Cartpage" time="10.888" classname="com.parameters.ParametersLogin"/>
</testsuite> <!-- com.parameters.ParametersLogin -->
